2022-09-27 17:01:17,357 - DEBUG - debug message
2022-09-27 17:01:17,358 - INFO - info message
2022-09-27 17:01:17,358 - WARNING - warning message
2022-09-27 17:01:17,358 - ERROR - error message
2022-09-27 17:01:17,358 - CRITICAL - critical message
2022-09-27 17:15:20,061 - DEBUG - debug message
2022-09-27 17:15:20,061 - INFO - info message
2022-09-27 17:15:20,061 - WARNING - warning message
2022-09-27 17:15:20,061 - ERROR - error message
2022-09-27 17:15:20,061 - CRITICAL - critical message
2022-09-27 17:15:32,112 - DEBUG - debug message
2022-09-27 17:15:32,112 - INFO - info message
2022-09-27 17:15:32,112 - WARNING - warning message
2022-09-27 17:15:32,112 - ERROR - error message
2022-09-27 17:15:32,112 - CRITICAL - critical message
2022-09-27 17:17:58,095 - DEBUG - debug message
2022-09-27 17:17:58,095 - INFO - info message
2022-09-27 17:17:58,095 - WARNING - warning message
2022-09-27 17:17:58,095 - ERROR - error message
2022-09-27 17:17:58,095 - CRITICAL - critical message
2022-10-05 13:56:11,309 - DEBUG - debug message
2022-10-05 13:56:11,310 - INFO - info message
2022-10-05 13:56:11,310 - WARNING - warning message
2022-10-05 13:56:11,311 - ERROR - error message
2022-10-05 13:56:11,312 - CRITICAL - critical message
